2025-03-02 14:15:03 info: Сервер запущен на порту 5000
2025-03-02 14:15:03 info: MongoDB подключена успешно
2025-03-02 14:15:38 info: Сервер запущен на порту 5000
2025-03-02 14:15:38 info: MongoDB подключена успешно
2025-03-02 14:16:08 info: Используется порт из переменной окружения: 5001
2025-03-02 14:16:08 info: Сервер запущен на порту 5001
2025-03-02 14:16:08 info: MongoDB подключена успешно
2025-03-02 14:18:49 info: Используется порт из переменной окружения: 5001
2025-03-02 14:18:49 info: Сервер запущен на порту 5001
2025-03-02 14:18:49 info: MongoDB подключена успешно
2025-03-02 14:22:42 info: Используется порт из переменной окружения: 5001
2025-03-02 14:22:42 info: Сервер запущен на порту 5001
2025-03-02 14:22:42 info: MongoDB подключена успешно
2025-03-02 14:23:07 info: Используется порт из переменной окружения: 5001
2025-03-02 14:23:07 info: Сервер запущен на порту 5001
2025-03-02 14:23:07 info: MongoDB подключена успешно
2025-03-02 14:23:42 info: Используется порт из переменной окружения: 5001
2025-03-02 14:23:42 info: Сервер запущен на порту 5001
2025-03-02 14:23:42 error: Ошибка подключения к MongoDB: querySrv ENOTFOUND _mongodb._tcp.cluster0.mongodb.net
2025-03-02 14:24:07 info: Используется порт из переменной окружения: 5001
2025-03-02 14:24:07 info: Сервер запущен на порту 5001
2025-03-02 14:24:07 info: MongoDB подключена успешно
2025-03-02 14:24:49 info: Используется порт из переменной окружения: 5001
2025-03-02 14:24:49 info: Сервер запущен на порту 5001
2025-03-02 14:24:49 info: MongoDB подключена успешно
2025-03-02 14:25:34 info: Используется порт из переменной окружения: 5001
2025-03-02 14:25:34 info: Сервер запущен на порту 5001
2025-03-02 14:25:34 info: MongoDB подключена успешно
2025-03-02 14:25:38 info: GET /api/manga/popular 200 - 26ms
2025-03-02 14:25:38 warn: Попытка доступа без токена: /api/auth
2025-03-02 14:25:38 info: GET /api/auth 401 - 4ms
2025-03-02 14:25:38 info: GET /api/manga/latest 200 - 6ms
2025-03-02 14:25:38 info: GET /favicon.ico 404 - 2ms
2025-03-02 14:25:38 info: GET /logo192.png 404 - 1ms
2025-03-02 14:25:49 info: POST /api/users 500 - 21ms
2025-03-02 14:26:09 info: POST /api/users 500 - 4ms
2025-03-02 14:26:19 info: POST /api/users 500 - 4ms
2025-03-02 14:26:21 info: POST /api/users 500 - 4ms
2025-03-02 14:26:22 info: POST /api/users 500 - 3ms
2025-03-02 14:26:23 info: POST /api/users 500 - 4ms
2025-03-02 14:26:23 info: POST /api/users 500 - 3ms
2025-03-02 14:27:32 info: Используется порт из переменной окружения: 3001
2025-03-02 14:27:32 info: Сервер запущен на порту 3001
2025-03-02 14:27:32 info: MongoDB подключена успешно
2025-03-02 14:28:01 info: GET /api/manga/latest 200 - 15ms
2025-03-02 14:28:22 info: GET /api/manga/popular 304 - 6ms
2025-03-02 14:28:22 warn: Попытка доступа без токена: /api/auth
2025-03-02 14:28:22 info: GET /api/auth 401 - 4ms
2025-03-02 14:28:22 info: GET /api/manga/latest 304 - 12ms
2025-03-02 14:28:23 info: GET /logo192.png 404 - 2ms
2025-03-02 14:30:04 info: POST /api/users 500 - 14ms
2025-03-02 14:31:23 warn: Попытка доступа без токена: /api/auth
2025-03-02 14:31:23 info: GET /api/auth 401 - 2ms
2025-03-02 14:33:18 warn: Попытка доступа без токена: /api/auth
2025-03-02 14:33:18 info: GET /api/auth 401 - 2ms
2025-03-02 14:33:19 info: GET /logo192.png 404 - 2ms
2025-03-02 14:33:30 info: POST /api/users 200 - 99ms
2025-03-02 14:33:30 info: GET /api/auth 200 - 7ms
2025-03-02 14:33:30 info: GET /api/profile/me 404 - 0ms
2025-03-02 14:33:30 info: GET /default-avatar.jpg 404 - 0ms
2025-03-02 14:33:43 info: GET /api/manga?page=1&limit=20 200 - 31ms
2025-03-02 14:33:45 info: GET /api/manga/popular 304 - 2ms
2025-03-02 14:33:45 info: GET /api/manga/latest 304 - 3ms
2025-03-02 14:33:48 info: GET /api/profile/me 404 - 1ms
2025-03-02 14:33:49 info: GET /default-avatar.jpg 404 - 0ms
2025-03-02 14:33:51 info: GET /api/manga?page=1&limit=20 304 - 5ms
2025-03-02 14:33:54 info: GET /api/profile/me 404 - 1ms
2025-03-02 14:33:54 info: GET /default-avatar.jpg 404 - 0ms
2025-03-02 14:34:24 info: POST /api/profile 404 - 1ms
2025-03-02 14:34:29 info: GET /api/manga/latest 304 - 2ms
2025-03-02 14:34:30 info: GET /api/manga/popular 304 - 4ms
2025-03-02 15:14:32 info: Используется порт из переменной окружения: 3001
2025-03-02 15:14:32 info: Сервер запущен на порту 3001
2025-03-02 15:14:32 info: MongoDB подключена успешно
2025-03-02 15:18:20 info: Используется порт из переменной окружения: 3001
2025-03-02 15:18:20 info: Сервер запущен на порту 3001
2025-03-02 15:18:20 info: MongoDB подключена успешно
2025-03-02 15:18:25 info: GET /api/manga/popular 200 - 15ms
2025-03-02 15:18:25 info: GET /api/manga/latest 200 - 10ms
2025-03-02 15:18:25 warn: Попытка доступа без токена: /api/auth
2025-03-02 15:18:25 info: GET /api/auth 401 - 2ms
2025-03-02 15:18:25 info: GET /logo192.png 404 - 2ms
2025-03-02 15:18:34 info: POST /api/auth 400 - 3ms
2025-03-02 15:18:49 info: POST /api/auth 400 - 3ms
2025-03-02 15:19:53 info: Используется порт из переменной окружения: 3001
2025-03-02 15:19:53 info: Сервер запущен на порту 3001
2025-03-02 15:19:53 info: MongoDB подключена успешно
2025-03-02 15:20:00 info: GET / 404 - 6ms
2025-03-02 15:20:04 info: GET /api 404 - 1ms
2025-03-02 15:20:09 warn: Попытка доступа без токена: /api/auth
2025-03-02 15:20:09 info: GET /api/auth 401 - 4ms
2025-03-02 15:20:09 info: GET /logo192.png 404 - 1ms
2025-03-02 15:20:21 info: POST /api/auth 200 - 95ms
2025-03-02 15:20:21 info: GET /api/auth 200 - 6ms
2025-03-02 15:20:21 info: GET /api/profile/me 404 - 1ms
2025-03-02 15:20:21 info: GET /default-avatar.jpg 404 - 1ms
2025-03-02 15:20:31 info: GET /api/manga/popular 200 - 5ms
2025-03-02 15:20:31 info: GET /api/manga/latest 200 - 4ms
